<?xml version="1.0" encoding="UTF-8"?>
<coverage generated="1637796292154" clover="3.2.0">
  <project timestamp="1637796292155" name="All files">
    <metrics statements="56" coveredstatements="53" conditionals="13" coveredconditionals="12" methods="20" coveredmethods="19" elements="89" coveredelements="84" complexity="0" loc="56" ncloc="56" packages="3" files="5" classes="5"/>
    <package name="entities">
      <metrics statements="20" coveredstatements="20" conditionals="10" coveredconditionals="9" methods="7" coveredmethods="7"/>
      <file name="User.ts" path="/home/rafa/Dev/lambda-user-api/src/entities/User.ts">
        <metrics statements="20" coveredstatements="20" conditionals="10" coveredconditionals="9" methods="7" coveredmethods="7"/>
        <line num="1" count="4" type="stmt"/>
        <line num="9" count="11" type="stmt"/>
        <line num="10" count="8" type="stmt"/>
        <line num="11" count="6" type="stmt"/>
        <line num="12" count="4" type="cond" truecount="3" falsecount="1"/>
        <line num="16" count="1" type="stmt"/>
        <line num="20" count="11" type="cond" truecount="1" falsecount="0"/>
        <line num="21" count="1" type="stmt"/>
        <line num="23" count="10" type="cond" truecount="1" falsecount="0"/>
        <line num="24" count="2" type="stmt"/>
        <line num="26" count="8" type="stmt"/>
        <line num="30" count="1" type="stmt"/>
        <line num="34" count="8" type="stmt"/>
        <line num="35" count="8" type="cond" truecount="1" falsecount="0"/>
        <line num="36" count="2" type="stmt"/>
        <line num="38" count="6" type="stmt"/>
        <line num="42" count="1" type="stmt"/>
        <line num="46" count="6" type="cond" truecount="3" falsecount="0"/>
        <line num="47" count="2" type="stmt"/>
        <line num="49" count="4" type="stmt"/>
      </file>
    </package>
    <package name="infraestructure.database.in-memory">
      <metrics statements="11" coveredstatements="10" conditionals="2" coveredconditionals="2" methods="7" coveredmethods="6"/>
      <file name="UserRepository.ts" path="/home/rafa/Dev/lambda-user-api/src/infraestructure/database/in-memory/UserRepository.ts">
        <metrics statements="11" coveredstatements="10" conditionals="2" coveredconditionals="2" methods="7" coveredmethods="6"/>
        <line num="1" count="3" type="stmt"/>
        <line num="3" count="3" type="stmt"/>
        <line num="5" count="3" type="stmt"/>
        <line num="9" count="7" type="stmt"/>
        <line num="13" count="1" type="stmt"/>
        <line num="20" count="1" type="stmt"/>
        <line num="21" count="1" type="stmt"/>
        <line num="25" count="8" type="stmt"/>
        <line num="26" count="2" type="cond" truecount="2" falsecount="0"/>
        <line num="30" count="0" type="stmt"/>
        <line num="34" count="1" type="stmt"/>
      </file>
    </package>
    <package name="usecases.user">
      <metrics statements="25" coveredstatements="23" conditionals="1" coveredconditionals="1" methods="6" coveredmethods="6"/>
      <file name="CreateUserUseCase.ts" path="/home/rafa/Dev/lambda-user-api/src/usecases/user/CreateUserUseCase.ts">
        <metrics statements="9" coveredstatements="9" conditionals="0" coveredconditionals="0" methods="2" coveredmethods="2"/>
        <line num="1" count="1" type="stmt"/>
        <line num="2" count="1" type="stmt"/>
        <line num="21" count="1" type="stmt"/>
        <line num="22" count="4" type="stmt"/>
        <line num="25" count="4" type="stmt"/>
        <line num="26" count="4" type="stmt"/>
        <line num="27" count="1" type="stmt"/>
        <line num="28" count="1" type="stmt"/>
        <line num="33" count="3" type="stmt"/>
      </file>
      <file name="DeleteUserUseCase.ts" path="/home/rafa/Dev/lambda-user-api/src/usecases/user/DeleteUserUseCase.ts">
        <metrics statements="7" coveredstatements="6" conditionals="0" coveredconditionals="0" methods="2" coveredmethods="2"/>
        <line num="1" count="1" type="stmt"/>
        <line num="19" count="1" type="stmt"/>
        <line num="20" count="1" type="stmt"/>
        <line num="23" count="1" type="stmt"/>
        <line num="25" count="1" type="stmt"/>
        <line num="26" count="0" type="stmt"/>
        <line num="31" count="1" type="stmt"/>
      </file>
      <file name="GetUserUseCase.ts" path="/home/rafa/Dev/lambda-user-api/src/usecases/user/GetUserUseCase.ts">
        <metrics statements="9" coveredstatements="8" conditionals="1" coveredconditionals="1" methods="2" coveredmethods="2"/>
        <line num="1" count="1" type="stmt"/>
        <line num="19" count="1" type="stmt"/>
        <line num="20" count="2" type="stmt"/>
        <line num="23" count="2" type="stmt"/>
        <line num="24" count="2" type="stmt"/>
        <line num="25" count="2" type="cond" truecount="1" falsecount="0"/>
        <line num="26" count="1" type="stmt"/>
        <line num="31" count="1" type="stmt"/>
        <line num="36" count="0" type="stmt"/>
      </file>
    </package>
  </project>
</coverage>
