<?xml version="1.0" encoding="UTF-8"?>
<coverage generated="1637801680294" clover="3.2.0">
  <project timestamp="1637801680294" name="All files">
    <metrics statements="78" coveredstatements="77" conditionals="27" coveredconditionals="23" methods="27" coveredmethods="27" elements="132" coveredelements="127" complexity="0" loc="78" ncloc="78" packages="3" files="6" classes="6"/>
    <package name="entities">
      <metrics statements="21" coveredstatements="21" conditionals="10" coveredconditionals="9" methods="8" coveredmethods="8"/>
      <file name="User.ts" path="/home/rafa/Dev/lambda-user-api/src/entities/User.ts">
        <metrics statements="21" coveredstatements="21" conditionals="10" coveredconditionals="9" methods="8" coveredmethods="8"/>
        <line num="1" count="5" type="stmt"/>
        <line num="9" count="15" type="stmt"/>
        <line num="10" count="12" type="stmt"/>
        <line num="11" count="10" type="stmt"/>
        <line num="12" count="8" type="cond" truecount="3" falsecount="1"/>
        <line num="16" count="3" type="stmt"/>
        <line num="20" count="15" type="stmt"/>
        <line num="24" count="15" type="cond" truecount="1" falsecount="0"/>
        <line num="25" count="1" type="stmt"/>
        <line num="27" count="14" type="cond" truecount="1" falsecount="0"/>
        <line num="28" count="2" type="stmt"/>
        <line num="30" count="12" type="stmt"/>
        <line num="34" count="3" type="stmt"/>
        <line num="38" count="12" type="stmt"/>
        <line num="39" count="12" type="cond" truecount="1" falsecount="0"/>
        <line num="40" count="2" type="stmt"/>
        <line num="42" count="10" type="stmt"/>
        <line num="46" count="3" type="stmt"/>
        <line num="50" count="10" type="cond" truecount="3" falsecount="0"/>
        <line num="51" count="2" type="stmt"/>
        <line num="53" count="8" type="stmt"/>
      </file>
    </package>
    <package name="infraestructure.database.in-memory">
      <metrics statements="23" coveredstatements="23" conditionals="16" coveredconditionals="13" methods="11" coveredmethods="11"/>
      <file name="UserRepository.ts" path="/home/rafa/Dev/lambda-user-api/src/infraestructure/database/in-memory/UserRepository.ts">
        <metrics statements="23" coveredstatements="23" conditionals="16" coveredconditionals="13" methods="11" coveredmethods="11"/>
        <line num="1" count="4" type="stmt"/>
        <line num="3" count="4" type="stmt"/>
        <line num="5" count="4" type="stmt"/>
        <line num="9" count="10" type="stmt"/>
        <line num="13" count="1" type="stmt"/>
        <line num="20" count="1" type="stmt"/>
        <line num="21" count="1" type="stmt"/>
        <line num="25" count="8" type="stmt"/>
        <line num="26" count="2" type="cond" truecount="2" falsecount="0"/>
        <line num="30" count="8" type="stmt"/>
        <line num="31" count="2" type="cond" truecount="1" falsecount="0"/>
        <line num="32" count="1" type="stmt"/>
        <line num="35" count="4" type="stmt"/>
        <line num="36" count="1" type="cond" truecount="3" falsecount="1"/>
        <line num="37" count="1" type="cond" truecount="3" falsecount="1"/>
        <line num="38" count="1" type="cond" truecount="3" falsecount="1"/>
        <line num="40" count="1" type="stmt"/>
        <line num="41" count="1" type="stmt"/>
        <line num="45" count="8" type="stmt"/>
        <line num="46" count="2" type="cond" truecount="1" falsecount="0"/>
        <line num="47" count="1" type="stmt"/>
        <line num="50" count="4" type="stmt"/>
        <line num="51" count="1" type="stmt"/>
      </file>
    </package>
    <package name="usecases.user">
      <metrics statements="34" coveredstatements="33" conditionals="1" coveredconditionals="1" methods="8" coveredmethods="8"/>
      <file name="CreateUserUseCase.ts" path="/home/rafa/Dev/lambda-user-api/src/usecases/user/CreateUserUseCase.ts">
        <metrics statements="9" coveredstatements="9" conditionals="0" coveredconditionals="0" methods="2" coveredmethods="2"/>
        <line num="1" count="1" type="stmt"/>
        <line num="2" count="1" type="stmt"/>
        <line num="21" count="1" type="stmt"/>
        <line num="22" count="4" type="stmt"/>
        <line num="25" count="4" type="stmt"/>
        <line num="26" count="4" type="stmt"/>
        <line num="27" count="1" type="stmt"/>
        <line num="28" count="1" type="stmt"/>
        <line num="33" count="3" type="stmt"/>
      </file>
      <file name="DeleteUserUseCase.ts" path="/home/rafa/Dev/lambda-user-api/src/usecases/user/DeleteUserUseCase.ts">
        <metrics statements="7" coveredstatements="7" conditionals="0" coveredconditionals="0" methods="2" coveredmethods="2"/>
        <line num="1" count="1" type="stmt"/>
        <line num="19" count="1" type="stmt"/>
        <line num="20" count="2" type="stmt"/>
        <line num="23" count="2" type="stmt"/>
        <line num="25" count="2" type="stmt"/>
        <line num="26" count="1" type="stmt"/>
        <line num="31" count="1" type="stmt"/>
      </file>
      <file name="GetUserUseCase.ts" path="/home/rafa/Dev/lambda-user-api/src/usecases/user/GetUserUseCase.ts">
        <metrics statements="9" coveredstatements="8" conditionals="1" coveredconditionals="1" methods="2" coveredmethods="2"/>
        <line num="1" count="1" type="stmt"/>
        <line num="19" count="1" type="stmt"/>
        <line num="20" count="2" type="stmt"/>
        <line num="23" count="2" type="stmt"/>
        <line num="24" count="2" type="stmt"/>
        <line num="25" count="2" type="cond" truecount="1" falsecount="0"/>
        <line num="26" count="1" type="stmt"/>
        <line num="31" count="1" type="stmt"/>
        <line num="36" count="0" type="stmt"/>
      </file>
      <file name="UpdateUserUseCase.ts" path="/home/rafa/Dev/lambda-user-api/src/usecases/user/UpdateUserUseCase.ts">
        <metrics statements="9" coveredstatements="9" conditionals="0" coveredconditionals="0" methods="2" coveredmethods="2"/>
        <line num="1" count="1" type="stmt"/>
        <line num="2" count="1" type="stmt"/>
        <line num="22" count="1" type="stmt"/>
        <line num="23" count="2" type="stmt"/>
        <line num="26" count="2" type="stmt"/>
        <line num="27" count="2" type="stmt"/>
        <line num="28" count="2" type="stmt"/>
        <line num="29" count="1" type="stmt"/>
        <line num="34" count="1" type="stmt"/>
      </file>
    </package>
  </project>
</coverage>
