{"/home/rafa/Dev/lambda-user-api/src/entities/User.ts": {"path":"/home/rafa/Dev/lambda-user-api/src/entities/User.ts","statementMap":{"0":{"start":{"line":9,"column":8},"end":{"line":9,"column":30}},"1":{"start":{"line":10,"column":8},"end":{"line":10,"column":30}},"2":{"start":{"line":11,"column":8},"end":{"line":11,"column":28}},"3":{"start":{"line":12,"column":8},"end":{"line":12,"column":27}},"4":{"start":{"line":16,"column":8},"end":{"line":16,"column":26}},"5":{"start":{"line":20,"column":8},"end":{"line":22,"column":null}},"6":{"start":{"line":21,"column":12},"end":{"line":21,"column":52}},"7":{"start":{"line":23,"column":8},"end":{"line":25,"column":null}},"8":{"start":{"line":24,"column":12},"end":{"line":24,"column":63}},"9":{"start":{"line":26,"column":8},"end":{"line":26,"column":26}},"10":{"start":{"line":30,"column":8},"end":{"line":30,"column":26}},"11":{"start":{"line":34,"column":22},"end":{"line":34,"column":41}},"12":{"start":{"line":35,"column":8},"end":{"line":37,"column":null}},"13":{"start":{"line":36,"column":12},"end":{"line":36,"column":48}},"14":{"start":{"line":38,"column":8},"end":{"line":38,"column":26}},"15":{"start":{"line":42,"column":8},"end":{"line":42,"column":25}},"16":{"start":{"line":46,"column":8},"end":{"line":48,"column":null}},"17":{"start":{"line":47,"column":12},"end":{"line":47,"column":48}},"18":{"start":{"line":49,"column":8},"end":{"line":49,"column":24}},"19":{"start":{"line":1,"column":0},"end":{"line":1,"column":13}}},"fnMap":{"0":{"name":"(anonymous_0)","decl":{"start":{"line":8,"column":4},"end":{"line":8,"column":16}},"loc":{"start":{"line":8,"column":76},"end":{"line":13,"column":5}}},"1":{"name":"(anonymous_1)","decl":{"start":{"line":15,"column":4},"end":{"line":15,"column":15}},"loc":{"start":{"line":15,"column":19},"end":{"line":17,"column":5}}},"2":{"name":"(anonymous_2)","decl":{"start":{"line":19,"column":4},"end":{"line":19,"column":15}},"loc":{"start":{"line":19,"column":32},"end":{"line":27,"column":5}}},"3":{"name":"(anonymous_3)","decl":{"start":{"line":29,"column":4},"end":{"line":29,"column":15}},"loc":{"start":{"line":29,"column":19},"end":{"line":31,"column":5}}},"4":{"name":"(anonymous_4)","decl":{"start":{"line":33,"column":4},"end":{"line":33,"column":15}},"loc":{"start":{"line":33,"column":32},"end":{"line":39,"column":5}}},"5":{"name":"(anonymous_5)","decl":{"start":{"line":41,"column":4},"end":{"line":41,"column":15}},"loc":{"start":{"line":41,"column":18},"end":{"line":43,"column":5}}},"6":{"name":"(anonymous_6)","decl":{"start":{"line":45,"column":4},"end":{"line":45,"column":15}},"loc":{"start":{"line":45,"column":30},"end":{"line":50,"column":5}}}},"branchMap":{"0":{"loc":{"start":{"line":12,"column":18},"end":{"line":12,"column":26}},"type":"cond-expr","locations":[{"start":{"line":12,"column":22},"end":{"line":12,"column":24}},{"start":{"line":12,"column":18},"end":{"line":12,"column":26}}]},"1":{"loc":{"start":{"line":12,"column":18},"end":{"line":12,"column":24}},"type":"binary-expr","locations":[{"start":{"line":12,"column":18},"end":{"line":12,"column":24}},{"start":{"line":12,"column":18},"end":{"line":12,"column":24}}]},"2":{"loc":{"start":{"line":20,"column":8},"end":{"line":22,"column":null}},"type":"if","locations":[{"start":{"line":20,"column":8},"end":{"line":22,"column":null}}]},"3":{"loc":{"start":{"line":23,"column":8},"end":{"line":25,"column":null}},"type":"if","locations":[{"start":{"line":23,"column":8},"end":{"line":25,"column":null}}]},"4":{"loc":{"start":{"line":35,"column":8},"end":{"line":37,"column":null}},"type":"if","locations":[{"start":{"line":35,"column":8},"end":{"line":37,"column":null}}]},"5":{"loc":{"start":{"line":46,"column":8},"end":{"line":48,"column":null}},"type":"if","locations":[{"start":{"line":46,"column":8},"end":{"line":48,"column":null}}]},"6":{"loc":{"start":{"line":46,"column":11},"end":{"line":46,"column":31}},"type":"binary-expr","locations":[{"start":{"line":46,"column":11},"end":{"line":46,"column":18}},{"start":{"line":46,"column":22},"end":{"line":46,"column":31}}]}},"s":{"0":11,"1":8,"2":6,"3":4,"4":1,"5":11,"6":1,"7":10,"8":2,"9":8,"10":1,"11":8,"12":8,"13":2,"14":6,"15":1,"16":6,"17":2,"18":4,"19":4},"f":{"0":11,"1":1,"2":11,"3":1,"4":8,"5":1,"6":6},"b":{"0":[0,4],"1":[4,4],"2":[1],"3":[2],"4":[2],"5":[2],"6":[6,4]}}
,"/home/rafa/Dev/lambda-user-api/src/infraestructure/database/in-memory/UserRepository.ts": {"path":"/home/rafa/Dev/lambda-user-api/src/infraestructure/database/in-memory/UserRepository.ts","statementMap":{"0":{"start":{"line":1,"column":0},"end":{"line":1,"column":46}},"1":{"start":{"line":3,"column":0},"end":{"line":3,"column":37}},"2":{"start":{"line":9,"column":8},"end":{"line":9,"column":null}},"3":{"start":{"line":13,"column":8},"end":{"line":18,"column":11}},"4":{"start":{"line":20,"column":8},"end":{"line":20,"column":30}},"5":{"start":{"line":21,"column":8},"end":{"line":21,"column":55}},"6":{"start":{"line":21,"column":40},"end":{"line":21,"column":53}},"7":{"start":{"line":25,"column":27},"end":{"line":25,"column":68}},"8":{"start":{"line":25,"column":53},"end":{"line":25,"column":67}},"9":{"start":{"line":26,"column":8},"end":{"line":26,"column":60}},"10":{"start":{"line":30,"column":8},"end":{"line":30,"column":51}},"11":{"start":{"line":34,"column":8},"end":{"line":34,"column":51}},"12":{"start":{"line":5,"column":0},"end":{"line":5,"column":13}}},"fnMap":{"0":{"name":"(anonymous_1)","decl":{"start":{"line":8,"column":4},"end":{"line":8,"column":null}},"loc":{"start":{"line":8,"column":4},"end":{"line":10,"column":5}}},"1":{"name":"(anonymous_2)","decl":{"start":{"line":12,"column":4},"end":{"line":12,"column":9}},"loc":{"start":{"line":12,"column":27},"end":{"line":22,"column":5}}},"2":{"name":"(anonymous_3)","decl":{"start":{"line":21,"column":27},"end":{"line":21,"column":28}},"loc":{"start":{"line":21,"column":40},"end":{"line":21,"column":53}}},"3":{"name":"(anonymous_4)","decl":{"start":{"line":24,"column":4},"end":{"line":24,"column":9}},"loc":{"start":{"line":24,"column":29},"end":{"line":27,"column":5}}},"4":{"name":"(anonymous_5)","decl":{"start":{"line":25,"column":45},"end":{"line":25,"column":49}},"loc":{"start":{"line":25,"column":53},"end":{"line":25,"column":67}}},"5":{"name":"(anonymous_6)","decl":{"start":{"line":29,"column":4},"end":{"line":29,"column":10}},"loc":{"start":{"line":29,"column":21},"end":{"line":31,"column":5}}},"6":{"name":"(anonymous_7)","decl":{"start":{"line":33,"column":4},"end":{"line":33,"column":10}},"loc":{"start":{"line":33,"column":21},"end":{"line":35,"column":5}}}},"branchMap":{"0":{"loc":{"start":{"line":26,"column":15},"end":{"line":26,"column":59}},"type":"cond-expr","locations":[{"start":{"line":26,"column":30},"end":{"line":26,"column":52}},{"start":{"line":26,"column":55},"end":{"line":26,"column":59}}]}},"s":{"0":3,"1":3,"2":7,"3":1,"4":1,"5":1,"6":1,"7":2,"8":8,"9":2,"10":0,"11":1,"12":3},"f":{"0":7,"1":1,"2":1,"3":2,"4":8,"5":0,"6":1},"b":{"0":[1,1]}}
,"/home/rafa/Dev/lambda-user-api/src/usecases/user/CreateUserUseCase.ts": {"path":"/home/rafa/Dev/lambda-user-api/src/usecases/user/CreateUserUseCase.ts","statementMap":{"0":{"start":{"line":1,"column":0},"end":{"line":1,"column":33}},"1":{"start":{"line":2,"column":0},"end":{"line":2,"column":43}},"2":{"start":{"line":21,"column":0},"end":{"line":40,"column":null}},"3":{"start":{"line":22,"column":24},"end":{"line":22,"column":63}},"4":{"start":{"line":25,"column":8},"end":{"line":37,"column":null}},"5":{"start":{"line":26,"column":25},"end":{"line":26,"column":40}},"6":{"start":{"line":27,"column":32},"end":{"line":27,"column":70}},"7":{"start":{"line":28,"column":12},"end":{"line":31,"column":14}},"8":{"start":{"line":33,"column":12},"end":{"line":36,"column":14}},"9":{"start":{"line":21,"column":13},"end":{"line":40,"column":null}},"10":{"start":{"line":21,"column":13},"end":{"line":21,"column":30}}},"fnMap":{"0":{"name":"(anonymous_2)","decl":{"start":{"line":22,"column":4},"end":{"line":22,"column":24}},"loc":{"start":{"line":22,"column":63},"end":{"line":22,"column":66}}},"1":{"name":"(anonymous_3)","decl":{"start":{"line":24,"column":4},"end":{"line":24,"column":9}},"loc":{"start":{"line":24,"column":47},"end":{"line":38,"column":5}}}},"branchMap":{},"s":{"0":1,"1":1,"2":1,"3":4,"4":4,"5":4,"6":1,"7":1,"8":3,"9":1,"10":1},"f":{"0":4,"1":4},"b":{}}
,"/home/rafa/Dev/lambda-user-api/src/usecases/user/DeleteUserUseCase.ts": {"path":"/home/rafa/Dev/lambda-user-api/src/usecases/user/DeleteUserUseCase.ts","statementMap":{"0":{"start":{"line":1,"column":0},"end":{"line":1,"column":33}},"1":{"start":{"line":19,"column":0},"end":{"line":38,"column":null}},"2":{"start":{"line":20,"column":24},"end":{"line":20,"column":63}},"3":{"start":{"line":23,"column":8},"end":{"line":35,"column":null}},"4":{"start":{"line":25,"column":13},"end":{"line":25,"column":56}},"5":{"start":{"line":26,"column":12},"end":{"line":29,"column":14}},"6":{"start":{"line":31,"column":12},"end":{"line":34,"column":14}},"7":{"start":{"line":19,"column":13},"end":{"line":38,"column":null}},"8":{"start":{"line":19,"column":13},"end":{"line":19,"column":30}}},"fnMap":{"0":{"name":"(anonymous_2)","decl":{"start":{"line":20,"column":4},"end":{"line":20,"column":24}},"loc":{"start":{"line":20,"column":63},"end":{"line":20,"column":66}}},"1":{"name":"(anonymous_3)","decl":{"start":{"line":22,"column":4},"end":{"line":22,"column":9}},"loc":{"start":{"line":22,"column":47},"end":{"line":36,"column":5}}}},"branchMap":{},"s":{"0":1,"1":1,"2":1,"3":1,"4":1,"5":0,"6":1,"7":1,"8":1},"f":{"0":1,"1":1},"b":{}}
,"/home/rafa/Dev/lambda-user-api/src/usecases/user/GetUserUseCase.ts": {"path":"/home/rafa/Dev/lambda-user-api/src/usecases/user/GetUserUseCase.ts","statementMap":{"0":{"start":{"line":1,"column":0},"end":{"line":1,"column":33}},"1":{"start":{"line":19,"column":0},"end":{"line":43,"column":null}},"2":{"start":{"line":20,"column":24},"end":{"line":20,"column":63}},"3":{"start":{"line":23,"column":8},"end":{"line":40,"column":null}},"4":{"start":{"line":24,"column":30},"end":{"line":24,"column":74}},"5":{"start":{"line":25,"column":12},"end":{"line":30,"column":null}},"6":{"start":{"line":26,"column":16},"end":{"line":29,"column":18}},"7":{"start":{"line":31,"column":12},"end":{"line":34,"column":14}},"8":{"start":{"line":36,"column":12},"end":{"line":39,"column":14}},"9":{"start":{"line":19,"column":13},"end":{"line":43,"column":null}},"10":{"start":{"line":19,"column":13},"end":{"line":19,"column":27}}},"fnMap":{"0":{"name":"(anonymous_2)","decl":{"start":{"line":20,"column":4},"end":{"line":20,"column":24}},"loc":{"start":{"line":20,"column":63},"end":{"line":20,"column":66}}},"1":{"name":"(anonymous_3)","decl":{"start":{"line":22,"column":4},"end":{"line":22,"column":9}},"loc":{"start":{"line":22,"column":44},"end":{"line":41,"column":5}}}},"branchMap":{"0":{"loc":{"start":{"line":25,"column":12},"end":{"line":30,"column":null}},"type":"if","locations":[{"start":{"line":25,"column":12},"end":{"line":30,"column":null}}]}},"s":{"0":1,"1":1,"2":2,"3":2,"4":2,"5":2,"6":1,"7":1,"8":0,"9":1,"10":1},"f":{"0":2,"1":2},"b":{"0":[1]}}
}
