{"/home/rafa/Dev/lambda-user-api/src/entities/User.ts": {"path":"/home/rafa/Dev/lambda-user-api/src/entities/User.ts","statementMap":{"0":{"start":{"line":9,"column":8},"end":{"line":9,"column":30}},"1":{"start":{"line":10,"column":8},"end":{"line":10,"column":30}},"2":{"start":{"line":11,"column":8},"end":{"line":11,"column":28}},"3":{"start":{"line":12,"column":8},"end":{"line":12,"column":28}},"4":{"start":{"line":16,"column":8},"end":{"line":16,"column":26}},"5":{"start":{"line":20,"column":8},"end":{"line":20,"column":24}},"6":{"start":{"line":24,"column":8},"end":{"line":26,"column":null}},"7":{"start":{"line":25,"column":12},"end":{"line":25,"column":52}},"8":{"start":{"line":27,"column":8},"end":{"line":29,"column":null}},"9":{"start":{"line":28,"column":12},"end":{"line":28,"column":63}},"10":{"start":{"line":30,"column":8},"end":{"line":30,"column":26}},"11":{"start":{"line":34,"column":8},"end":{"line":34,"column":26}},"12":{"start":{"line":38,"column":22},"end":{"line":38,"column":41}},"13":{"start":{"line":39,"column":8},"end":{"line":41,"column":null}},"14":{"start":{"line":40,"column":12},"end":{"line":40,"column":48}},"15":{"start":{"line":42,"column":8},"end":{"line":42,"column":26}},"16":{"start":{"line":46,"column":8},"end":{"line":46,"column":25}},"17":{"start":{"line":50,"column":8},"end":{"line":52,"column":null}},"18":{"start":{"line":51,"column":12},"end":{"line":51,"column":48}},"19":{"start":{"line":53,"column":8},"end":{"line":53,"column":24}},"20":{"start":{"line":1,"column":0},"end":{"line":1,"column":13}}},"fnMap":{"0":{"name":"(anonymous_0)","decl":{"start":{"line":8,"column":4},"end":{"line":8,"column":16}},"loc":{"start":{"line":8,"column":76},"end":{"line":13,"column":5}}},"1":{"name":"(anonymous_1)","decl":{"start":{"line":15,"column":4},"end":{"line":15,"column":15}},"loc":{"start":{"line":15,"column":19},"end":{"line":17,"column":5}}},"2":{"name":"(anonymous_2)","decl":{"start":{"line":19,"column":4},"end":{"line":19,"column":15}},"loc":{"start":{"line":19,"column":17},"end":{"line":21,"column":5}}},"3":{"name":"(anonymous_3)","decl":{"start":{"line":23,"column":4},"end":{"line":23,"column":15}},"loc":{"start":{"line":23,"column":32},"end":{"line":31,"column":5}}},"4":{"name":"(anonymous_4)","decl":{"start":{"line":33,"column":4},"end":{"line":33,"column":15}},"loc":{"start":{"line":33,"column":19},"end":{"line":35,"column":5}}},"5":{"name":"(anonymous_5)","decl":{"start":{"line":37,"column":4},"end":{"line":37,"column":15}},"loc":{"start":{"line":37,"column":32},"end":{"line":43,"column":5}}},"6":{"name":"(anonymous_6)","decl":{"start":{"line":45,"column":4},"end":{"line":45,"column":15}},"loc":{"start":{"line":45,"column":18},"end":{"line":47,"column":5}}},"7":{"name":"(anonymous_7)","decl":{"start":{"line":49,"column":4},"end":{"line":49,"column":15}},"loc":{"start":{"line":49,"column":30},"end":{"line":54,"column":5}}}},"branchMap":{"0":{"loc":{"start":{"line":12,"column":19},"end":{"line":12,"column":27}},"type":"cond-expr","locations":[{"start":{"line":12,"column":23},"end":{"line":12,"column":25}},{"start":{"line":12,"column":19},"end":{"line":12,"column":27}}]},"1":{"loc":{"start":{"line":12,"column":19},"end":{"line":12,"column":25}},"type":"binary-expr","locations":[{"start":{"line":12,"column":19},"end":{"line":12,"column":25}},{"start":{"line":12,"column":19},"end":{"line":12,"column":25}}]},"2":{"loc":{"start":{"line":24,"column":8},"end":{"line":26,"column":null}},"type":"if","locations":[{"start":{"line":24,"column":8},"end":{"line":26,"column":null}}]},"3":{"loc":{"start":{"line":27,"column":8},"end":{"line":29,"column":null}},"type":"if","locations":[{"start":{"line":27,"column":8},"end":{"line":29,"column":null}}]},"4":{"loc":{"start":{"line":39,"column":8},"end":{"line":41,"column":null}},"type":"if","locations":[{"start":{"line":39,"column":8},"end":{"line":41,"column":null}}]},"5":{"loc":{"start":{"line":50,"column":8},"end":{"line":52,"column":null}},"type":"if","locations":[{"start":{"line":50,"column":8},"end":{"line":52,"column":null}}]},"6":{"loc":{"start":{"line":50,"column":11},"end":{"line":50,"column":31}},"type":"binary-expr","locations":[{"start":{"line":50,"column":11},"end":{"line":50,"column":18}},{"start":{"line":50,"column":22},"end":{"line":50,"column":31}}]}},"s":{"0":15,"1":12,"2":10,"3":8,"4":3,"5":15,"6":15,"7":1,"8":14,"9":2,"10":12,"11":3,"12":12,"13":12,"14":2,"15":10,"16":3,"17":10,"18":2,"19":8,"20":5},"f":{"0":15,"1":3,"2":15,"3":15,"4":3,"5":12,"6":3,"7":10},"b":{"0":[0,8],"1":[8,8],"2":[1],"3":[2],"4":[2],"5":[2],"6":[10,8]}}
,"/home/rafa/Dev/lambda-user-api/src/infraestructure/database/in-memory/UserRepository.ts": {"path":"/home/rafa/Dev/lambda-user-api/src/infraestructure/database/in-memory/UserRepository.ts","statementMap":{"0":{"start":{"line":1,"column":0},"end":{"line":1,"column":46}},"1":{"start":{"line":3,"column":0},"end":{"line":3,"column":37}},"2":{"start":{"line":9,"column":8},"end":{"line":9,"column":null}},"3":{"start":{"line":13,"column":8},"end":{"line":18,"column":11}},"4":{"start":{"line":20,"column":8},"end":{"line":20,"column":30}},"5":{"start":{"line":21,"column":8},"end":{"line":21,"column":55}},"6":{"start":{"line":21,"column":40},"end":{"line":21,"column":53}},"7":{"start":{"line":25,"column":27},"end":{"line":25,"column":68}},"8":{"start":{"line":25,"column":53},"end":{"line":25,"column":67}},"9":{"start":{"line":26,"column":8},"end":{"line":26,"column":60}},"10":{"start":{"line":30,"column":25},"end":{"line":30,"column":76}},"11":{"start":{"line":30,"column":53},"end":{"line":30,"column":72}},"12":{"start":{"line":31,"column":8},"end":{"line":33,"column":null}},"13":{"start":{"line":32,"column":12},"end":{"line":32,"column":46}},"14":{"start":{"line":35,"column":8},"end":{"line":35,"column":68}},"15":{"start":{"line":35,"column":47},"end":{"line":35,"column":66}},"16":{"start":{"line":36,"column":8},"end":{"line":36,"column":36}},"17":{"start":{"line":37,"column":8},"end":{"line":37,"column":36}},"18":{"start":{"line":38,"column":8},"end":{"line":38,"column":34}},"19":{"start":{"line":40,"column":8},"end":{"line":40,"column":45}},"20":{"start":{"line":41,"column":8},"end":{"line":41,"column":35}},"21":{"start":{"line":45,"column":27},"end":{"line":45,"column":68}},"22":{"start":{"line":45,"column":53},"end":{"line":45,"column":67}},"23":{"start":{"line":46,"column":8},"end":{"line":48,"column":null}},"24":{"start":{"line":47,"column":12},"end":{"line":47,"column":46}},"25":{"start":{"line":50,"column":8},"end":{"line":50,"column":63}},"26":{"start":{"line":50,"column":47},"end":{"line":50,"column":61}},"27":{"start":{"line":51,"column":8},"end":{"line":51,"column":15}},"28":{"start":{"line":5,"column":0},"end":{"line":5,"column":13}}},"fnMap":{"0":{"name":"(anonymous_1)","decl":{"start":{"line":8,"column":4},"end":{"line":8,"column":null}},"loc":{"start":{"line":8,"column":4},"end":{"line":10,"column":5}}},"1":{"name":"(anonymous_2)","decl":{"start":{"line":12,"column":4},"end":{"line":12,"column":9}},"loc":{"start":{"line":12,"column":27},"end":{"line":22,"column":5}}},"2":{"name":"(anonymous_3)","decl":{"start":{"line":21,"column":27},"end":{"line":21,"column":28}},"loc":{"start":{"line":21,"column":40},"end":{"line":21,"column":53}}},"3":{"name":"(anonymous_4)","decl":{"start":{"line":24,"column":4},"end":{"line":24,"column":9}},"loc":{"start":{"line":24,"column":29},"end":{"line":27,"column":5}}},"4":{"name":"(anonymous_5)","decl":{"start":{"line":25,"column":45},"end":{"line":25,"column":49}},"loc":{"start":{"line":25,"column":53},"end":{"line":25,"column":67}}},"5":{"name":"(anonymous_6)","decl":{"start":{"line":29,"column":4},"end":{"line":29,"column":9}},"loc":{"start":{"line":29,"column":27},"end":{"line":42,"column":5}}},"6":{"name":"(anonymous_7)","decl":{"start":{"line":30,"column":43},"end":{"line":30,"column":44}},"loc":{"start":{"line":30,"column":53},"end":{"line":30,"column":72}}},"7":{"name":"(anonymous_8)","decl":{"start":{"line":35,"column":39},"end":{"line":35,"column":43}},"loc":{"start":{"line":35,"column":47},"end":{"line":35,"column":66}}},"8":{"name":"(anonymous_9)","decl":{"start":{"line":44,"column":4},"end":{"line":44,"column":9}},"loc":{"start":{"line":44,"column":27},"end":{"line":52,"column":5}}},"9":{"name":"(anonymous_10)","decl":{"start":{"line":45,"column":45},"end":{"line":45,"column":49}},"loc":{"start":{"line":45,"column":53},"end":{"line":45,"column":67}}},"10":{"name":"(anonymous_11)","decl":{"start":{"line":50,"column":39},"end":{"line":50,"column":43}},"loc":{"start":{"line":50,"column":47},"end":{"line":50,"column":61}}}},"branchMap":{"0":{"loc":{"start":{"line":26,"column":15},"end":{"line":26,"column":59}},"type":"cond-expr","locations":[{"start":{"line":26,"column":30},"end":{"line":26,"column":52}},{"start":{"line":26,"column":55},"end":{"line":26,"column":59}}]},"1":{"loc":{"start":{"line":31,"column":8},"end":{"line":33,"column":null}},"type":"if","locations":[{"start":{"line":31,"column":8},"end":{"line":33,"column":null}}]},"2":{"loc":{"start":{"line":36,"column":25},"end":{"line":36,"column":35}},"type":"cond-expr","locations":[{"start":{"line":36,"column":29},"end":{"line":36,"column":31}},{"start":{"line":36,"column":25},"end":{"line":36,"column":35}}]},"3":{"loc":{"start":{"line":36,"column":25},"end":{"line":36,"column":31}},"type":"binary-expr","locations":[{"start":{"line":36,"column":25},"end":{"line":36,"column":31}},{"start":{"line":36,"column":25},"end":{"line":36,"column":31}}]},"4":{"loc":{"start":{"line":37,"column":25},"end":{"line":37,"column":35}},"type":"cond-expr","locations":[{"start":{"line":37,"column":29},"end":{"line":37,"column":31}},{"start":{"line":37,"column":25},"end":{"line":37,"column":35}}]},"5":{"loc":{"start":{"line":37,"column":25},"end":{"line":37,"column":31}},"type":"binary-expr","locations":[{"start":{"line":37,"column":25},"end":{"line":37,"column":31}},{"start":{"line":37,"column":25},"end":{"line":37,"column":31}}]},"6":{"loc":{"start":{"line":38,"column":24},"end":{"line":38,"column":33}},"type":"cond-expr","locations":[{"start":{"line":38,"column":28},"end":{"line":38,"column":30}},{"start":{"line":38,"column":24},"end":{"line":38,"column":33}}]},"7":{"loc":{"start":{"line":38,"column":24},"end":{"line":38,"column":30}},"type":"binary-expr","locations":[{"start":{"line":38,"column":24},"end":{"line":38,"column":30}},{"start":{"line":38,"column":24},"end":{"line":38,"column":30}}]},"8":{"loc":{"start":{"line":46,"column":8},"end":{"line":48,"column":null}},"type":"if","locations":[{"start":{"line":46,"column":8},"end":{"line":48,"column":null}}]}},"s":{"0":4,"1":4,"2":10,"3":1,"4":1,"5":1,"6":1,"7":2,"8":8,"9":2,"10":2,"11":8,"12":2,"13":1,"14":1,"15":4,"16":1,"17":1,"18":1,"19":1,"20":1,"21":2,"22":8,"23":2,"24":1,"25":1,"26":4,"27":1,"28":4},"f":{"0":10,"1":1,"2":1,"3":2,"4":8,"5":2,"6":8,"7":4,"8":2,"9":8,"10":4},"b":{"0":[1,1],"1":[1],"2":[0,1],"3":[1,1],"4":[0,1],"5":[1,1],"6":[0,1],"7":[1,1],"8":[1]}}
,"/home/rafa/Dev/lambda-user-api/src/usecases/user/CreateUserUseCase.ts": {"path":"/home/rafa/Dev/lambda-user-api/src/usecases/user/CreateUserUseCase.ts","statementMap":{"0":{"start":{"line":1,"column":0},"end":{"line":1,"column":33}},"1":{"start":{"line":2,"column":0},"end":{"line":2,"column":43}},"2":{"start":{"line":21,"column":0},"end":{"line":40,"column":null}},"3":{"start":{"line":22,"column":24},"end":{"line":22,"column":63}},"4":{"start":{"line":25,"column":8},"end":{"line":37,"column":null}},"5":{"start":{"line":26,"column":25},"end":{"line":26,"column":40}},"6":{"start":{"line":27,"column":32},"end":{"line":27,"column":70}},"7":{"start":{"line":28,"column":12},"end":{"line":31,"column":14}},"8":{"start":{"line":33,"column":12},"end":{"line":36,"column":14}},"9":{"start":{"line":21,"column":13},"end":{"line":40,"column":null}},"10":{"start":{"line":21,"column":13},"end":{"line":21,"column":30}}},"fnMap":{"0":{"name":"(anonymous_2)","decl":{"start":{"line":22,"column":4},"end":{"line":22,"column":24}},"loc":{"start":{"line":22,"column":63},"end":{"line":22,"column":66}}},"1":{"name":"(anonymous_3)","decl":{"start":{"line":24,"column":4},"end":{"line":24,"column":9}},"loc":{"start":{"line":24,"column":47},"end":{"line":38,"column":5}}}},"branchMap":{},"s":{"0":1,"1":1,"2":1,"3":4,"4":4,"5":4,"6":1,"7":1,"8":3,"9":1,"10":1},"f":{"0":4,"1":4},"b":{}}
,"/home/rafa/Dev/lambda-user-api/src/usecases/user/DeleteUserUseCase.ts": {"path":"/home/rafa/Dev/lambda-user-api/src/usecases/user/DeleteUserUseCase.ts","statementMap":{"0":{"start":{"line":1,"column":0},"end":{"line":1,"column":33}},"1":{"start":{"line":19,"column":0},"end":{"line":38,"column":null}},"2":{"start":{"line":20,"column":24},"end":{"line":20,"column":63}},"3":{"start":{"line":23,"column":8},"end":{"line":35,"column":null}},"4":{"start":{"line":25,"column":13},"end":{"line":25,"column":56}},"5":{"start":{"line":26,"column":12},"end":{"line":29,"column":14}},"6":{"start":{"line":31,"column":12},"end":{"line":34,"column":14}},"7":{"start":{"line":19,"column":13},"end":{"line":38,"column":null}},"8":{"start":{"line":19,"column":13},"end":{"line":19,"column":30}}},"fnMap":{"0":{"name":"(anonymous_2)","decl":{"start":{"line":20,"column":4},"end":{"line":20,"column":24}},"loc":{"start":{"line":20,"column":63},"end":{"line":20,"column":66}}},"1":{"name":"(anonymous_3)","decl":{"start":{"line":22,"column":4},"end":{"line":22,"column":9}},"loc":{"start":{"line":22,"column":47},"end":{"line":36,"column":5}}}},"branchMap":{},"s":{"0":1,"1":1,"2":2,"3":2,"4":2,"5":1,"6":1,"7":1,"8":1},"f":{"0":2,"1":2},"b":{}}
,"/home/rafa/Dev/lambda-user-api/src/usecases/user/GetUserUseCase.ts": {"path":"/home/rafa/Dev/lambda-user-api/src/usecases/user/GetUserUseCase.ts","statementMap":{"0":{"start":{"line":1,"column":0},"end":{"line":1,"column":33}},"1":{"start":{"line":19,"column":0},"end":{"line":43,"column":null}},"2":{"start":{"line":20,"column":24},"end":{"line":20,"column":63}},"3":{"start":{"line":23,"column":8},"end":{"line":40,"column":null}},"4":{"start":{"line":24,"column":30},"end":{"line":24,"column":74}},"5":{"start":{"line":25,"column":12},"end":{"line":30,"column":null}},"6":{"start":{"line":26,"column":16},"end":{"line":29,"column":18}},"7":{"start":{"line":31,"column":12},"end":{"line":34,"column":14}},"8":{"start":{"line":36,"column":12},"end":{"line":39,"column":14}},"9":{"start":{"line":19,"column":13},"end":{"line":43,"column":null}},"10":{"start":{"line":19,"column":13},"end":{"line":19,"column":27}}},"fnMap":{"0":{"name":"(anonymous_2)","decl":{"start":{"line":20,"column":4},"end":{"line":20,"column":24}},"loc":{"start":{"line":20,"column":63},"end":{"line":20,"column":66}}},"1":{"name":"(anonymous_3)","decl":{"start":{"line":22,"column":4},"end":{"line":22,"column":9}},"loc":{"start":{"line":22,"column":44},"end":{"line":41,"column":5}}}},"branchMap":{"0":{"loc":{"start":{"line":25,"column":12},"end":{"line":30,"column":null}},"type":"if","locations":[{"start":{"line":25,"column":12},"end":{"line":30,"column":null}}]}},"s":{"0":1,"1":1,"2":2,"3":2,"4":2,"5":2,"6":1,"7":1,"8":0,"9":1,"10":1},"f":{"0":2,"1":2},"b":{"0":[1]}}
,"/home/rafa/Dev/lambda-user-api/src/usecases/user/UpdateUserUseCase.ts": {"path":"/home/rafa/Dev/lambda-user-api/src/usecases/user/UpdateUserUseCase.ts","statementMap":{"0":{"start":{"line":1,"column":0},"end":{"line":1,"column":33}},"1":{"start":{"line":2,"column":0},"end":{"line":2,"column":43}},"2":{"start":{"line":22,"column":0},"end":{"line":41,"column":null}},"3":{"start":{"line":23,"column":24},"end":{"line":23,"column":63}},"4":{"start":{"line":26,"column":8},"end":{"line":38,"column":null}},"5":{"start":{"line":27,"column":25},"end":{"line":27,"column":40}},"6":{"start":{"line":28,"column":32},"end":{"line":28,"column":70}},"7":{"start":{"line":29,"column":12},"end":{"line":32,"column":14}},"8":{"start":{"line":34,"column":12},"end":{"line":37,"column":14}},"9":{"start":{"line":22,"column":13},"end":{"line":41,"column":null}},"10":{"start":{"line":22,"column":13},"end":{"line":22,"column":30}}},"fnMap":{"0":{"name":"(anonymous_2)","decl":{"start":{"line":23,"column":4},"end":{"line":23,"column":24}},"loc":{"start":{"line":23,"column":63},"end":{"line":23,"column":66}}},"1":{"name":"(anonymous_3)","decl":{"start":{"line":25,"column":4},"end":{"line":25,"column":9}},"loc":{"start":{"line":25,"column":47},"end":{"line":39,"column":5}}}},"branchMap":{},"s":{"0":1,"1":1,"2":1,"3":2,"4":2,"5":2,"6":2,"7":1,"8":1,"9":1,"10":1},"f":{"0":2,"1":2},"b":{}}
}
