TN:
SF:src/entities/User.ts
FN:8,(anonymous_0)
FN:15,(anonymous_1)
FN:19,(anonymous_2)
FN:23,(anonymous_3)
FN:33,(anonymous_4)
FN:37,(anonymous_5)
FN:45,(anonymous_6)
FN:49,(anonymous_7)
FNF:8
FNH:8
FNDA:15,(anonymous_0)
FNDA:3,(anonymous_1)
FNDA:15,(anonymous_2)
FNDA:15,(anonymous_3)
FNDA:3,(anonymous_4)
FNDA:12,(anonymous_5)
FNDA:3,(anonymous_6)
FNDA:10,(anonymous_7)
DA:1,5
DA:9,15
DA:10,12
DA:11,10
DA:12,8
DA:16,3
DA:20,15
DA:24,15
DA:25,1
DA:27,14
DA:28,2
DA:30,12
DA:34,3
DA:38,12
DA:39,12
DA:40,2
DA:42,10
DA:46,3
DA:50,10
DA:51,2
DA:53,8
LF:21
LH:21
BRDA:12,0,0,0
BRDA:12,0,1,8
BRDA:12,1,0,8
BRDA:12,1,1,8
BRDA:24,2,0,1
BRDA:27,3,0,2
BRDA:39,4,0,2
BRDA:50,5,0,2
BRDA:50,6,0,10
BRDA:50,6,1,8
BRF:10
BRH:9
end_of_record
TN:
SF:src/infraestructure/database/in-memory/UserRepository.ts
FN:8,(anonymous_1)
FN:12,(anonymous_2)
FN:21,(anonymous_3)
FN:24,(anonymous_4)
FN:25,(anonymous_5)
FN:29,(anonymous_6)
FN:30,(anonymous_7)
FN:35,(anonymous_8)
FN:44,(anonymous_9)
FN:45,(anonymous_10)
FN:50,(anonymous_11)
FNF:11
FNH:11
FNDA:10,(anonymous_1)
FNDA:1,(anonymous_2)
FNDA:1,(anonymous_3)
FNDA:2,(anonymous_4)
FNDA:8,(anonymous_5)
FNDA:2,(anonymous_6)
FNDA:8,(anonymous_7)
FNDA:4,(anonymous_8)
FNDA:2,(anonymous_9)
FNDA:8,(anonymous_10)
FNDA:4,(anonymous_11)
DA:1,4
DA:3,4
DA:5,4
DA:9,10
DA:13,1
DA:20,1
DA:21,1
DA:25,8
DA:26,2
DA:30,8
DA:31,2
DA:32,1
DA:35,4
DA:36,1
DA:37,1
DA:38,1
DA:40,1
DA:41,1
DA:45,8
DA:46,2
DA:47,1
DA:50,4
DA:51,1
LF:23
LH:23
BRDA:26,0,0,1
BRDA:26,0,1,1
BRDA:31,1,0,1
BRDA:36,2,0,0
BRDA:36,2,1,1
BRDA:36,3,0,1
BRDA:36,3,1,1
BRDA:37,4,0,0
BRDA:37,4,1,1
BRDA:37,5,0,1
BRDA:37,5,1,1
BRDA:38,6,0,0
BRDA:38,6,1,1
BRDA:38,7,0,1
BRDA:38,7,1,1
BRDA:46,8,0,1
BRF:16
BRH:13
end_of_record
TN:
SF:src/usecases/user/CreateUserUseCase.ts
FN:22,(anonymous_2)
FN:24,(anonymous_3)
FNF:2
FNH:2
FNDA:4,(anonymous_2)
FNDA:4,(anonymous_3)
DA:1,1
DA:2,1
DA:21,1
DA:22,4
DA:25,4
DA:26,4
DA:27,1
DA:28,1
DA:33,3
LF:9
LH:9
BRF:0
BRH:0
end_of_record
TN:
SF:src/usecases/user/DeleteUserUseCase.ts
FN:20,(anonymous_2)
FN:22,(anonymous_3)
FNF:2
FNH:2
FNDA:2,(anonymous_2)
FNDA:2,(anonymous_3)
DA:1,1
DA:19,1
DA:20,2
DA:23,2
DA:25,2
DA:26,1
DA:31,1
LF:7
LH:7
BRF:0
BRH:0
end_of_record
TN:
SF:src/usecases/user/GetUserUseCase.ts
FN:20,(anonymous_2)
FN:22,(anonymous_3)
FNF:2
FNH:2
FNDA:2,(anonymous_2)
FNDA:2,(anonymous_3)
DA:1,1
DA:19,1
DA:20,2
DA:23,2
DA:24,2
DA:25,2
DA:26,1
DA:31,1
DA:36,0
LF:9
LH:8
BRDA:25,0,0,1
BRF:1
BRH:1
end_of_record
TN:
SF:src/usecases/user/UpdateUserUseCase.ts
FN:23,(anonymous_2)
FN:25,(anonymous_3)
FNF:2
FNH:2
FNDA:2,(anonymous_2)
FNDA:2,(anonymous_3)
DA:1,1
DA:2,1
DA:22,1
DA:23,2
DA:26,2
DA:27,2
DA:28,2
DA:29,1
DA:34,1
LF:9
LH:9
BRF:0
BRH:0
end_of_record
