TN:
SF:src/entities/User.ts
FN:8,(anonymous_0)
FN:15,(anonymous_1)
FN:19,(anonymous_2)
FN:29,(anonymous_3)
FN:33,(anonymous_4)
FN:41,(anonymous_5)
FN:45,(anonymous_6)
FNF:7
FNH:7
FNDA:11,(anonymous_0)
FNDA:1,(anonymous_1)
FNDA:11,(anonymous_2)
FNDA:1,(anonymous_3)
FNDA:8,(anonymous_4)
FNDA:1,(anonymous_5)
FNDA:6,(anonymous_6)
DA:1,4
DA:9,11
DA:10,8
DA:11,6
DA:12,4
DA:16,1
DA:20,11
DA:21,1
DA:23,10
DA:24,2
DA:26,8
DA:30,1
DA:34,8
DA:35,8
DA:36,2
DA:38,6
DA:42,1
DA:46,6
DA:47,2
DA:49,4
LF:20
LH:20
BRDA:12,0,0,0
BRDA:12,0,1,4
BRDA:12,1,0,4
BRDA:12,1,1,4
BRDA:20,2,0,1
BRDA:23,3,0,2
BRDA:35,4,0,2
BRDA:46,5,0,2
BRDA:46,6,0,6
BRDA:46,6,1,4
BRF:10
BRH:9
end_of_record
TN:
SF:src/infraestructure/database/in-memory/UserRepository.ts
FN:8,(anonymous_1)
FN:12,(anonymous_2)
FN:21,(anonymous_3)
FN:24,(anonymous_4)
FN:25,(anonymous_5)
FN:29,(anonymous_6)
FN:33,(anonymous_7)
FNF:7
FNH:6
FNDA:7,(anonymous_1)
FNDA:1,(anonymous_2)
FNDA:1,(anonymous_3)
FNDA:2,(anonymous_4)
FNDA:8,(anonymous_5)
FNDA:0,(anonymous_6)
FNDA:1,(anonymous_7)
DA:1,3
DA:3,3
DA:5,3
DA:9,7
DA:13,1
DA:20,1
DA:21,1
DA:25,8
DA:26,2
DA:30,0
DA:34,1
LF:11
LH:10
BRDA:26,0,0,1
BRDA:26,0,1,1
BRF:2
BRH:2
end_of_record
TN:
SF:src/usecases/user/CreateUserUseCase.ts
FN:22,(anonymous_2)
FN:24,(anonymous_3)
FNF:2
FNH:2
FNDA:4,(anonymous_2)
FNDA:4,(anonymous_3)
DA:1,1
DA:2,1
DA:21,1
DA:22,4
DA:25,4
DA:26,4
DA:27,1
DA:28,1
DA:33,3
LF:9
LH:9
BRF:0
BRH:0
end_of_record
TN:
SF:src/usecases/user/DeleteUserUseCase.ts
FN:20,(anonymous_2)
FN:22,(anonymous_3)
FNF:2
FNH:2
FNDA:1,(anonymous_2)
FNDA:1,(anonymous_3)
DA:1,1
DA:19,1
DA:20,1
DA:23,1
DA:25,1
DA:26,0
DA:31,1
LF:7
LH:6
BRF:0
BRH:0
end_of_record
TN:
SF:src/usecases/user/GetUserUseCase.ts
FN:20,(anonymous_2)
FN:22,(anonymous_3)
FNF:2
FNH:2
FNDA:2,(anonymous_2)
FNDA:2,(anonymous_3)
DA:1,1
DA:19,1
DA:20,2
DA:23,2
DA:24,2
DA:25,2
DA:26,1
DA:31,1
DA:36,0
LF:9
LH:8
BRDA:25,0,0,1
BRF:1
BRH:1
end_of_record
